\BOOKMARK [1][-]{section.1}{Elektrostatik Skript S. 3-1}{}% 1
\BOOKMARK [2][-]{subsection.1.1}{Anmerkungen zu den Formeln}{section.1}% 2
\BOOKMARK [2][-]{subsection.1.2}{Leiter im Feld Skript S. 1-18}{section.1}% 3
\BOOKMARK [2][-]{subsection.1.3}{Kondensator, Kapazit\344t Skript S. 3-24}{section.1}% 4
\BOOKMARK [2][-]{subsection.1.4}{Schaltungen mit Kapazit\344ten Skript S. 3-30}{section.1}% 5
\BOOKMARK [2][-]{subsection.1.5}{Polarisation und Dielektrika Skript S. 3-31}{section.1}% 6
\BOOKMARK [3][-]{subsubsection.1.5.1}{Querschichtung}{subsection.1.5}% 7
\BOOKMARK [3][-]{subsubsection.1.5.2}{L\344ngsschichtung}{subsection.1.5}% 8
\BOOKMARK [3][-]{subsubsection.1.5.3}{Feldlinien an Grenzfl. ver. Dielektrika}{subsection.1.5}% 9
\BOOKMARK [3][-]{subsubsection.1.5.4}{Eigenschaften von Dielektrika}{subsection.1.5}% 10
\BOOKMARK [3][-]{subsubsection.1.5.5}{Relative Dielektrizit\344tskonstanten r verschiedener Stoffe bei \04020C \040}{subsection.1.5}% 11
\BOOKMARK [2][-]{subsection.1.6}{Energie und Kraft im elektrostatischen Feld Skript S. 3-33}{section.1}% 12
\BOOKMARK [2][-]{subsection.1.7}{Teilkapazit\344ten, Mehrleitersysteme Skript S. 3-36}{section.1}% 13
\BOOKMARK [1][-]{section.2}{Das Magnetische Feld Skript S. 5-1}{}% 14
\BOOKMARK [2][-]{subsection.2.1}{Energie und Kraft im magnetischen Feld Skript S. 5-50}{section.2}% 15
\BOOKMARK [2][-]{subsection.2.2}{Wichtigste Formeln}{section.2}% 16
\BOOKMARK [2][-]{subsection.2.3}{Magn. Feldst\344rke}{section.2}% 17
\BOOKMARK [2][-]{subsection.2.4}{Induktivit\344t Skript S. 5-23}{section.2}% 18
\BOOKMARK [2][-]{subsection.2.5}{Gegeninduktivit\344t, magnetische Kopplung Skript S. 5-26}{section.2}% 19
\BOOKMARK [2][-]{subsection.2.6}{Zusammenstellung magnetischer Gr\366ssen f\374r spezielle Leiteranordnungen}{section.2}% 20
\BOOKMARK [2][-]{subsection.2.7}{Magnetisierung Skript S. 5-31}{section.2}% 21
\BOOKMARK [3][-]{subsubsection.2.7.1}{Ferromagnetische Stoffe}{subsection.2.7}% 22
\BOOKMARK [3][-]{subsubsection.2.7.2}{Brechung magnetischer Felder}{subsection.2.7}% 23
\BOOKMARK [2][-]{subsection.2.8}{Der magnetische Kreis}{section.2}% 24
\BOOKMARK [3][-]{subsubsection.2.8.1}{Von der Durchflutung \040ausgehende Berechnung}{subsection.2.8}% 25
\BOOKMARK [2][-]{subsection.2.9}{Der magnetische Kreis mit Permanentmagnet}{section.2}% 26
