This is pdfTeX, Version 3.1415926-2.5-1.40.14 (MiKTeX 2.9) (preloaded format=pdflatex 2013.8.23)  3 AUG 2014 16:56
entering extended mode
**ET2.tex
(D:\Dropbox\HSR\Elt2\Formelsammlung\ET2.tex
LaTeX2e <2011/06/27>
Babel <v3.8m> and hyphenation patterns for english, afrikaans, ancientgreek, ar
abic, armenian, assamese, basque, bengali, bokmal, bulgarian, catalan, coptic, 
croatian, czech, danish, dutch, esperanto, estonian, farsi, finnish, french, ga
lician, german, german-x-2013-05-26, greek, gujarati, hindi, hungarian, iceland
ic, indonesian, interlingua, irish, italian, kannada, kurmanji, latin, latvian,
 lithuanian, malayalam, marathi, mongolian, mongolianlmc, monogreek, ngerman, n
german-x-2013-05-26, nynorsk, oriya, panjabi, pinyin, polish, portuguese, roman
ian, russian, sanskrit, serbian, slovak, slovenian, spanish, swedish, swissgerm
an, tamil, telugu, turkish, turkmen, ukenglish, ukrainian, uppersorbian, usengl
ishmax, welsh, loaded.
\@input{header.aux}
(D:\Dropbox\HSR\Elt2\Formelsammlung\header.tex
("C:\Program Files (x86)\MiKTeX 2.9\tex\latex\base\article.cls"
Document Class: article 2007/10/19 v1.4h Standard LaTeX document class
("C:\Program Files (x86)\MiKTeX 2.9\tex\latex\base\fleqn.clo"
File: fleqn.clo 1998/08/17 v1.1c Standard LaTeX option (flush left equations)
\mathindent=\dimen102
)
("C:\Program Files (x86)\MiKTeX 2.9\tex\latex\base\size10.clo"
File: size10.clo 2007/10/19 v1.4h Standard LaTeX file (size option)
)
\c@part=\count79
\c@section=\count80
\c@subsection=\count81
\c@subsubsection=\count82
\c@paragraph=\count83
\c@subparagraph=\count84
\c@figure=\count85
\c@table=\count86
\abovecaptionskip=\skip41
\belowcaptionskip=\skip42
\bibindent=\dimen103
)
("C:\Program Files (x86)\MiKTeX 2.9\tex\latex\geometry\geometry.sty"
Package: geometry 2010/09/12 v5.6 Page Geometry

("C:\Program Files (x86)\MiKTeX 2.9\tex\latex\graphics\keyval.sty"
Package: keyval 2014/05/08 v1.15 key=value parser (DPC)
\KV@toks@=\toks14
)
("C:\Program Files (x86)\MiKTeX 2.9\tex\generic\oberdiek\ifpdf.sty"
Package: ifpdf 2011/01/30 v2.3 Provides the ifpdf switch (HO)
Package ifpdf Info: pdfTeX in PDF mode is detected.
)
("C:\Program Files (x86)\MiKTeX 2.9\tex\generic\oberdiek\ifvtex.sty"
Package: ifvtex 2010/03/01 v1.5 Detect VTeX and its facilities (HO)
Package ifvtex Info: VTeX not detected.
)
("C:\Program Files (x86)\MiKTeX 2.9\tex\generic\ifxetex\ifxetex.sty"
Package: ifxetex 2010/09/12 v0.6 Provides ifxetex conditional
)
\Gm@cnth=\count87
\Gm@cntv=\count88
\c@Gm@tempcnt=\count89
\Gm@bindingoffset=\dimen104
\Gm@wd@mp=\dimen105
\Gm@odd@mp=\dimen106
\Gm@even@mp=\dimen107
\Gm@layoutwidth=\dimen108
\Gm@layoutheight=\dimen109
\Gm@layouthoffset=\dimen110
\Gm@layoutvoffset=\dimen111
\Gm@dimlist=\toks15

("C:\Program Files (x86)\MiKTeX 2.9\tex\latex\geometry\geometry.cfg"))
("C:\Program Files (x86)\MiKTeX 2.9\tex\latex\base\inputenc.sty"
Package: inputenc 2014/04/30 v1.2b Input encoding file
\inpenc@prehook=\toks16
\inpenc@posthook=\toks17

("C:\Program Files (x86)\MiKTeX 2.9\tex\latex\base\utf8.def"
File: utf8.def 2008/04/05 v1.1m UTF-8 support for inputenc
Now handling font encoding OML ...
... no UTF-8 mapping file for font encoding OML
Now handling font encoding T1 ...
... processing UTF-8 mapping file for font encoding T1

("C:\Program Files (x86)\MiKTeX 2.9\tex\latex\base\t1enc.dfu"
File: t1enc.dfu 2008/04/05 v1.1m UTF-8 support for inputenc
   defining Unicode char U+00A1 (decimal 161)
   defining Unicode char U+00A3 (decimal 163)
   defining Unicode char U+00AB (decimal 171)
   defining Unicode char U+00BB (decimal 187)
   defining Unicode char U+00BF (decimal 191)
   defining Unicode char U+00C0 (decimal 192)
   defining Unicode char U+00C1 (decimal 193)
   defining Unicode char U+00C2 (decimal 194)
   defining Unicode char U+00C3 (decimal 195)
   defining Unicode char U+00C4 (decimal 196)
   defining Unicode char U+00C5 (decimal 197)
   defining Unicode char U+00C6 (decimal 198)
   defining Unicode char U+00C7 (decimal 199)
   defining Unicode char U+00C8 (decimal 200)
   defining Unicode char U+00C9 (decimal 201)
   defining Unicode char U+00CA (decimal 202)
   defining Unicode char U+00CB (decimal 203)
   defining Unicode char U+00CC (decimal 204)
   defining Unicode char U+00CD (decimal 205)
   defining Unicode char U+00CE (decimal 206)
   defining Unicode char U+00CF (decimal 207)
   defining Unicode char U+00D0 (decimal 208)
   defining Unicode char U+00D1 (decimal 209)
   defining Unicode char U+00D2 (decimal 210)
   defining Unicode char U+00D3 (decimal 211)
   defining Unicode char U+00D4 (decimal 212)
   defining Unicode char U+00D5 (decimal 213)
   defining Unicode char U+00D6 (decimal 214)
   defining Unicode char U+00D8 (decimal 216)
   defining Unicode char U+00D9 (decimal 217)
   defining Unicode char U+00DA (decimal 218)
   defining Unicode char U+00DB (decimal 219)
   defining Unicode char U+00DC (decimal 220)
   defining Unicode char U+00DD (decimal 221)
   defining Unicode char U+00DE (decimal 222)
   defining Unicode char U+00DF (decimal 223)
   defining Unicode char U+00E0 (decimal 224)
   defining Unicode char U+00E1 (decimal 225)
   defining Unicode char U+00E2 (decimal 226)
   defining Unicode char U+00E3 (decimal 227)
   defining Unicode char U+00E4 (decimal 228)
   defining Unicode char U+00E5 (decimal 229)
   defining Unicode char U+00E6 (decimal 230)
   defining Unicode char U+00E7 (decimal 231)
   defining Unicode char U+00E8 (decimal 232)
   defining Unicode char U+00E9 (decimal 233)
   defining Unicode char U+00EA (decimal 234)
   defining Unicode char U+00EB (decimal 235)
   defining Unicode char U+00EC (decimal 236)
   defining Unicode char U+00ED (decimal 237)
   defining Unicode char U+00EE (decimal 238)
   defining Unicode char U+00EF (decimal 239)
   defining Unicode char U+00F0 (decimal 240)
   defining Unicode char U+00F1 (decimal 241)
   defining Unicode char U+00F2 (decimal 242)
   defining Unicode char U+00F3 (decimal 243)
   defining Unicode char U+00F4 (decimal 244)
   defining Unicode char U+00F5 (decimal 245)
   defining Unicode char U+00F6 (decimal 246)
   defining Unicode char U+00F8 (decimal 248)
   defining Unicode char U+00F9 (decimal 249)
   defining Unicode char U+00FA (decimal 250)
   defining Unicode char U+00FB (decimal 251)
   defining Unicode char U+00FC (decimal 252)
   defining Unicode char U+00FD (decimal 253)
   defining Unicode char U+00FE (decimal 254)
   defining Unicode char U+00FF (decimal 255)
   defining Unicode char U+0102 (decimal 258)
   defining Unicode char U+0103 (decimal 259)
   defining Unicode char U+0104 (decimal 260)
   defining Unicode char U+0105 (decimal 261)
   defining Unicode char U+0106 (decimal 262)
   defining Unicode char U+0107 (decimal 263)
   defining Unicode char U+010C (decimal 268)
   defining Unicode char U+010D (decimal 269)
   defining Unicode char U+010E (decimal 270)
   defining Unicode char U+010F (decimal 271)
   defining Unicode char U+0110 (decimal 272)
   defining Unicode char U+0111 (decimal 273)
   defining Unicode char U+0118 (decimal 280)
   defining Unicode char U+0119 (decimal 281)
   defining Unicode char U+011A (decimal 282)
   defining Unicode char U+011B (decimal 283)
   defining Unicode char U+011E (decimal 286)
   defining Unicode char U+011F (decimal 287)
   defining Unicode char U+0130 (decimal 304)
   defining Unicode char U+0131 (decimal 305)
   defining Unicode char U+0132 (decimal 306)
   defining Unicode char U+0133 (decimal 307)
   defining Unicode char U+0139 (decimal 313)
   defining Unicode char U+013A (decimal 314)
   defining Unicode char U+013D (decimal 317)
   defining Unicode char U+013E (decimal 318)
   defining Unicode char U+0141 (decimal 321)
   defining Unicode char U+0142 (decimal 322)
   defining Unicode char U+0143 (decimal 323)
   defining Unicode char U+0144 (decimal 324)
   defining Unicode char U+0147 (decimal 327)
   defining Unicode char U+0148 (decimal 328)
   defining Unicode char U+014A (decimal 330)
   defining Unicode char U+014B (decimal 331)
   defining Unicode char U+0150 (decimal 336)
   defining Unicode char U+0151 (decimal 337)
   defining Unicode char U+0152 (decimal 338)
   defining Unicode char U+0153 (decimal 339)
   defining Unicode char U+0154 (decimal 340)
   defining Unicode char U+0155 (decimal 341)
   defining Unicode char U+0158 (decimal 344)
   defining Unicode char U+0159 (decimal 345)
   defining Unicode char U+015A (decimal 346)
   defining Unicode char U+015B (decimal 347)
   defining Unicode char U+015E (decimal 350)
   defining Unicode char U+015F (decimal 351)
   defining Unicode char U+0160 (decimal 352)
   defining Unicode char U+0161 (decimal 353)
   defining Unicode char U+0162 (decimal 354)
   defining Unicode char U+0163 (decimal 355)
   defining Unicode char U+0164 (decimal 356)
   defining Unicode char U+0165 (decimal 357)
   defining Unicode char U+016E (decimal 366)
   defining Unicode char U+016F (decimal 367)
   defining Unicode char U+0170 (decimal 368)
   defining Unicode char U+0171 (decimal 369)
   defining Unicode char U+0178 (decimal 376)
   defining Unicode char U+0179 (decimal 377)
   defining Unicode char U+017A (decimal 378)
   defining Unicode char U+017B (decimal 379)
   defining Unicode char U+017C (decimal 380)
   defining Unicode char U+017D (decimal 381)
   defining Unicode char U+017E (decimal 382)
   defining Unicode char U+200C (decimal 8204)
   defining Unicode char U+2013 (decimal 8211)
   defining Unicode char U+2014 (decimal 8212)
   defining Unicode char U+2018 (decimal 8216)
   defining Unicode char U+2019 (decimal 8217)
   defining Unicode char U+201A (decimal 8218)
   defining Unicode char U+201C (decimal 8220)
   defining Unicode char U+201D (decimal 8221)
   defining Unicode char U+201E (decimal 8222)
   defining Unicode char U+2030 (decimal 8240)
   defining Unicode char U+2031 (decimal 8241)
   defining Unicode char U+2039 (decimal 8249)
   defining Unicode char U+203A (decimal 8250)
   defining Unicode char U+2423 (decimal 9251)
)
Now handling font encoding OT1 ...
... processing UTF-8 mapping file for font encoding OT1

("C:\Program Files (x86)\MiKTeX 2.9\tex\latex\base\ot1enc.dfu"
File: ot1enc.dfu 2008/04/05 v1.1m UTF-8 support for inputenc
   defining Unicode char U+00A1 (decimal 161)
   defining Unicode char U+00A3 (decimal 163)
   defining Unicode char U+00B8 (decimal 184)
   defining Unicode char U+00BF (decimal 191)
   defining Unicode char U+00C5 (decimal 197)
   defining Unicode char U+00C6 (decimal 198)
   defining Unicode char U+00D8 (decimal 216)
   defining Unicode char U+00DF (decimal 223)
   defining Unicode char U+00E6 (decimal 230)
   defining Unicode char U+00EC (decimal 236)
   defining Unicode char U+00ED (decimal 237)
   defining Unicode char U+00EE (decimal 238)
   defining Unicode char U+00EF (decimal 239)
   defining Unicode char U+00F8 (decimal 248)
   defining Unicode char U+0131 (decimal 305)
   defining Unicode char U+0141 (decimal 321)
   defining Unicode char U+0142 (decimal 322)
   defining Unicode char U+0152 (decimal 338)
   defining Unicode char U+0153 (decimal 339)
   defining Unicode char U+2013 (decimal 8211)
   defining Unicode char U+2014 (decimal 8212)
   defining Unicode char U+2018 (decimal 8216)
   defining Unicode char U+2019 (decimal 8217)
   defining Unicode char U+201C (decimal 8220)
   defining Unicode char U+201D (decimal 8221)
)
Now handling font encoding OMS ...
... processing UTF-8 mapping file for font encoding OMS

("C:\Program Files (x86)\MiKTeX 2.9\tex\latex\base\omsenc.dfu"
File: omsenc.dfu 2008/04/05 v1.1m UTF-8 support for inputenc
   defining Unicode char U+00A7 (decimal 167)
   defining Unicode char U+00B6 (decimal 182)
   defining Unicode char U+00B7 (decimal 183)
   defining Unicode char U+2020 (decimal 8224)
   defining Unicode char U+2021 (decimal 8225)
   defining Unicode char U+2022 (decimal 8226)
)
Now handling font encoding OMX ...
... no UTF-8 mapping file for font encoding OMX
Now handling font encoding U ...
... no UTF-8 mapping file for font encoding U
   defining Unicode char U+00A9 (decimal 169)
   defining Unicode char U+00AA (decimal 170)
   defining Unicode char U+00AE (decimal 174)
   defining Unicode char U+00BA (decimal 186)
   defining Unicode char U+02C6 (decimal 710)
   defining Unicode char U+02DC (decimal 732)
   defining Unicode char U+200C (decimal 8204)
   defining Unicode char U+2026 (decimal 8230)
   defining Unicode char U+2122 (decimal 8482)
   defining Unicode char U+2423 (decimal 9251)
))
("C:\Program Files (x86)\MiKTeX 2.9\tex\latex\babel\babel.sty"
Package: babel 2014/03/24 3.9k The Babel package

("C:\Program Files (x86)\MiKTeX 2.9\tex\latex\babel\switch.def"
File: switch.def 2014/03/24 3.9k Babel switching mechanism
)
*************************************
* Local config file bblopts.cfg used
*
("C:\Program Files (x86)\MiKTeX 2.9\tex\latex\00miktex\bblopts.cfg"
File: bblopts.cfg 2006/07/31 v1.0 MiKTeX 'babel' configuration
)
("C:\Program Files (x86)\MiKTeX 2.9\tex\latex\babel-german\ngerman.ldf"
Language: ngerman 2013/12/13 v2.7 German support for babel (new orthography)

("C:\Program Files (x86)\MiKTeX 2.9\tex\latex\babel-german\ngermanb.ldf"
Language: ngermanb 2013/12/13 v2.7 German support for babel (new orthography)

("C:\Program Files (x86)\MiKTeX 2.9\tex\latex\babel\babel.def"
File: babel.def 2014/03/24 3.9k Babel common definitions

(C:\ProgramData\MiKTeX\2.9\tex\generic\config\language.def)
\babel@savecnt=\count90
\U@D=\dimen112
)
\l@naustrian = a dialect from \language\l@ngerman 
\l@nswissgerman = a dialect from \language\l@ngerman 
Package babel Info: Making " an active character on input line 88.
)))
("C:\Program Files (x86)\MiKTeX 2.9\tex\latex\tools\varioref.sty"
Package: varioref 2011/10/02 v1.4z package for extended references (FMi)
\c@vrcnt=\count91
)
("C:\Program Files (x86)\MiKTeX 2.9\tex\latex\amsfonts\amssymb.sty"
Package: amssymb 2013/01/14 v3.01 AMS font symbols

("C:\Program Files (x86)\MiKTeX 2.9\tex\latex\amsfonts\amsfonts.sty"
Package: amsfonts 2013/01/14 v3.01 Basic AMSFonts support
\@emptytoks=\toks18
\symAMSa=\mathgroup4
\symAMSb=\mathgroup5
LaTeX Font Info:    Overwriting math alphabet `\mathfrak' in version `bold'
(Font)                  U/euf/m/n --> U/euf/b/n on input line 106.
))
("C:\Program Files (x86)\MiKTeX 2.9\tex\latex\amsmath\amsmath.sty"
Package: amsmath 2013/01/14 v2.14 AMS math features
\@mathmargin=\skip43

For additional information on amsmath, use the `?' option.
("C:\Program Files (x86)\MiKTeX 2.9\tex\latex\amsmath\amstext.sty"
Package: amstext 2000/06/29 v2.01

("C:\Program Files (x86)\MiKTeX 2.9\tex\latex\amsmath\amsgen.sty"
File: amsgen.sty 1999/11/30 v2.0
\@emptytoks=\toks19
\ex@=\dimen113
))
("C:\Program Files (x86)\MiKTeX 2.9\tex\latex\amsmath\amsbsy.sty"
Package: amsbsy 1999/11/29 v1.2d
\pmbraise@=\dimen114
)
("C:\Program Files (x86)\MiKTeX 2.9\tex\latex\amsmath\amsopn.sty"
Package: amsopn 1999/12/14 v2.01 operator names
)
\inf@bad=\count92
LaTeX Info: Redefining \frac on input line 210.
\uproot@=\count93
\leftroot@=\count94
LaTeX Info: Redefining \overline on input line 306.
\classnum@=\count95
\DOTSCASE@=\count96
LaTeX Info: Redefining \ldots on input line 378.
LaTeX Info: Redefining \dots on input line 381.
LaTeX Info: Redefining \cdots on input line 466.
\Mathstrutbox@=\box26
\strutbox@=\box27
\big@size=\dimen115
LaTeX Font Info:    Redeclaring font encoding OML on input line 566.
LaTeX Font Info:    Redeclaring font encoding OMS on input line 567.
\macc@depth=\count97
\c@MaxMatrixCols=\count98
\dotsspace@=\muskip10
\c@parentequation=\count99
\dspbrk@lvl=\count100
\tag@help=\toks20
\row@=\count101
\column@=\count102
\maxfields@=\count103
\andhelp@=\toks21
\eqnshift@=\dimen116
\alignsep@=\dimen117
\tagshift@=\dimen118
\tagwidth@=\dimen119
\totwidth@=\dimen120
\lineht@=\dimen121
\@envbody=\toks22
\multlinegap=\skip44
\multlinetaggap=\skip45
\mathdisplay@stack=\toks23
LaTeX Info: Redefining \[ on input line 2665.
LaTeX Info: Redefining \] on input line 2666.
)
("C:\Program Files (x86)\MiKTeX 2.9\tex\latex\fancybox\fancybox.sty"
Package: fancybox 2010/05/15 1.4

Style option: `fancybox' v1.4 <2010/05/15> (tvz)
\@fancybox=\box28
\shadowsize=\dimen122
\@Sbox=\box29
\do@VerbBox=\toks24
\the@fancyput=\toks25
\this@fancyput=\toks26
\EndVerbatimTokens=\toks27
\Verbatim@Outfile=\write3
\Verbatim@Infile=\read1
) ("C:\Program Files (x86)\MiKTeX 2.9\tex\latex\graphics\graphicx.sty"
Package: graphicx 2014/04/25 v1.0g Enhanced LaTeX Graphics (DPC,SPQR)

("C:\Program Files (x86)\MiKTeX 2.9\tex\latex\graphics\graphics.sty"
Package: graphics 2009/02/05 v1.0o Standard LaTeX Graphics (DPC,SPQR)

("C:\Program Files (x86)\MiKTeX 2.9\tex\latex\graphics\trig.sty"
Package: trig 1999/03/16 v1.09 sin cos tan (DPC)
)
("C:\Program Files (x86)\MiKTeX 2.9\tex\latex\00miktex\graphics.cfg"
File: graphics.cfg 2007/01/18 v1.5 graphics configuration of teTeX/TeXLive
)
Package graphics Info: Driver file: pdftex.def on input line 91.

("C:\Program Files (x86)\MiKTeX 2.9\tex\latex\pdftex-def\pdftex.def"
File: pdftex.def 2011/05/27 v0.06d Graphics/color for pdfTeX

("C:\Program Files (x86)\MiKTeX 2.9\tex\generic\oberdiek\infwarerr.sty"
Package: infwarerr 2010/04/08 v1.3 Providing info/warning/error messages (HO)
)
("C:\Program Files (x86)\MiKTeX 2.9\tex\generic\oberdiek\ltxcmds.sty"
Package: ltxcmds 2011/11/09 v1.22 LaTeX kernel commands for general use (HO)
)
\Gread@gobject=\count104
))
\Gin@req@height=\dimen123
\Gin@req@width=\dimen124
)
("C:\Program Files (x86)\MiKTeX 2.9\tex\latex\graphics\color.sty"
Package: color 2014/04/23 v1.1a Standard LaTeX Color (DPC)

("C:\Program Files (x86)\MiKTeX 2.9\tex\latex\00miktex\color.cfg"
File: color.cfg 2007/01/18 v1.5 color configuration of teTeX/TeXLive
)
Package color Info: Driver file: pdftex.def on input line 137.
)
("C:\Program Files (x86)\MiKTeX 2.9\tex\latex\lastpage\lastpage.sty"
Package: lastpage 2013/01/28 v1.2l Refers to last page's name (HMM; JPG)
)
("C:\Program Files (x86)\MiKTeX 2.9\tex\latex\wrapfig\wrapfig.sty"
\wrapoverhang=\dimen125
\WF@size=\dimen126
\c@WF@wrappedlines=\count105
\WF@box=\box30
\WF@everypar=\toks28
Package: wrapfig 2003/01/31  v 3.6
)
("C:\Program Files (x86)\MiKTeX 2.9\tex\latex\fancyhdr\fancyhdr.sty"
\fancy@headwidth=\skip46
\f@ncyO@elh=\skip47
\f@ncyO@erh=\skip48
\f@ncyO@olh=\skip49
\f@ncyO@orh=\skip50
\f@ncyO@elf=\skip51
\f@ncyO@erf=\skip52
\f@ncyO@olf=\skip53
\f@ncyO@orf=\skip54
)
("C:\Program Files (x86)\MiKTeX 2.9\tex\latex\hyperref\hyperref.sty"
Package: hyperref 2012/11/06 v6.83m Hypertext links for LaTeX

("C:\Program Files (x86)\MiKTeX 2.9\tex\generic\oberdiek\hobsub-hyperref.sty"
Package: hobsub-hyperref 2012/04/25 v1.12 Bundle oberdiek, subset hyperref (HO)


("C:\Program Files (x86)\MiKTeX 2.9\tex\generic\oberdiek\hobsub-generic.sty"
Package: hobsub-generic 2012/04/25 v1.12 Bundle oberdiek, subset generic (HO)
Package: hobsub 2012/04/25 v1.12 Construct package bundles (HO)
Package hobsub Info: Skipping package `infwarerr' (already loaded).
Package hobsub Info: Skipping package `ltxcmds' (already loaded).
Package: ifluatex 2010/03/01 v1.3 Provides the ifluatex switch (HO)
Package ifluatex Info: LuaTeX not detected.
Package hobsub Info: Skipping package `ifvtex' (already loaded).
Package: intcalc 2007/09/27 v1.1 Expandable calculations with integers (HO)
Package hobsub Info: Skipping package `ifpdf' (already loaded).
Package: etexcmds 2011/02/16 v1.5 Avoid name clashes with e-TeX commands (HO)
Package etexcmds Info: Could not find \expanded.
(etexcmds)             That can mean that you are not using pdfTeX 1.50 or
(etexcmds)             that some package has redefined \expanded.
(etexcmds)             In the latter case, load this package earlier.
Package: kvsetkeys 2012/04/25 v1.16 Key value parser (HO)
Package: kvdefinekeys 2011/04/07 v1.3 Define keys (HO)
Package: pdftexcmds 2011/11/29 v0.20 Utility functions of pdfTeX for LuaTeX (HO
)
Package pdftexcmds Info: LuaTeX not detected.
Package pdftexcmds Info: \pdf@primitive is available.
Package pdftexcmds Info: \pdf@ifprimitive is available.
Package pdftexcmds Info: \pdfdraftmode found.
Package: pdfescape 2011/11/25 v1.13 Implements pdfTeX's escape features (HO)
Package: bigintcalc 2012/04/08 v1.3 Expandable calculations on big integers (HO
)
Package: bitset 2011/01/30 v1.1 Handle bit-vector datatype (HO)
Package: uniquecounter 2011/01/30 v1.2 Provide unlimited unique counter (HO)
)
Package hobsub Info: Skipping package `hobsub' (already loaded).
Package: letltxmacro 2010/09/02 v1.4 Let assignment for LaTeX macros (HO)
Package: hopatch 2011/06/24 v1.1 Wrapper for package hooks (HO)
Package: xcolor-patch 2011/01/30 xcolor patch
Package: atveryend 2011/06/30 v1.8 Hooks at the very end of document (HO)
Package atveryend Info: \enddocument detected (standard20110627).
Package: atbegshi 2011/10/05 v1.16 At begin shipout hook (HO)
Package: refcount 2011/10/16 v3.4 Data extraction from label references (HO)
Package: hycolor 2011/01/30 v1.7 Color options for hyperref/bookmark (HO)
)
("C:\Program Files (x86)\MiKTeX 2.9\tex\latex\oberdiek\auxhook.sty"
Package: auxhook 2011/03/04 v1.3 Hooks for auxiliary files (HO)
)
("C:\Program Files (x86)\MiKTeX 2.9\tex\latex\oberdiek\kvoptions.sty"
Package: kvoptions 2011/06/30 v3.11 Key value format for package options (HO)
)
\@linkdim=\dimen127
\Hy@linkcounter=\count106
\Hy@pagecounter=\count107

("C:\Program Files (x86)\MiKTeX 2.9\tex\latex\hyperref\pd1enc.def"
File: pd1enc.def 2012/11/06 v6.83m Hyperref: PDFDocEncoding definition (HO)
Now handling font encoding PD1 ...
... no UTF-8 mapping file for font encoding PD1
)
\Hy@SavedSpaceFactor=\count108

("C:\Program Files (x86)\MiKTeX 2.9\tex\latex\00miktex\hyperref.cfg"
File: hyperref.cfg 2002/06/06 v1.2 hyperref configuration of TeXLive
)
Package hyperref Info: Hyper figures OFF on input line 4443.
Package hyperref Info: Link nesting OFF on input line 4448.
Package hyperref Info: Hyper index ON on input line 4451.
Package hyperref Info: Plain pages OFF on input line 4458.
Package hyperref Info: Backreferencing OFF on input line 4463.
Package hyperref Info: Implicit mode ON; LaTeX internals redefined.
Package hyperref Info: Bookmarks ON on input line 4688.
\c@Hy@tempcnt=\count109

("C:\Program Files (x86)\MiKTeX 2.9\tex\latex\url\url.sty"
\Urlmuskip=\muskip11
Package: url 2013/09/16  ver 3.4  Verb mode for urls, etc.
)
LaTeX Info: Redefining \url on input line 5041.
\XeTeXLinkMargin=\dimen128
\Fld@menulength=\count110
\Field@Width=\dimen129
\Fld@charsize=\dimen130
Package hyperref Info: Hyper figures OFF on input line 6295.
Package hyperref Info: Link nesting OFF on input line 6300.
Package hyperref Info: Hyper index ON on input line 6303.
Package hyperref Info: backreferencing OFF on input line 6310.
Package hyperref Info: Link coloring OFF on input line 6315.
Package hyperref Info: Link coloring with OCG OFF on input line 6320.
Package hyperref Info: PDF/A mode OFF on input line 6325.
LaTeX Info: Redefining \ref on input line 6365.
LaTeX Info: Redefining \pageref on input line 6369.
\Hy@abspage=\count111
\c@Item=\count112
\c@Hfootnote=\count113
)

Package hyperref Message: Driver (autodetected): hpdftex.

("C:\Program Files (x86)\MiKTeX 2.9\tex\latex\hyperref\hpdftex.def"
File: hpdftex.def 2012/11/06 v6.83m Hyperref driver for pdfTeX
\Fld@listcount=\count114
\c@bookmark@seq@number=\count115

("C:\Program Files (x86)\MiKTeX 2.9\tex\latex\oberdiek\rerunfilecheck.sty"
Package: rerunfilecheck 2011/04/15 v1.7 Rerun checks for auxiliary files (HO)
Package uniquecounter Info: New unique counter `rerunfilecheck' on input line 2
82.
)
\Hy@SectionHShift=\skip55
)
("C:\Program Files (x86)\MiKTeX 2.9\tex\latex\tools\verbatim.sty"
Package: verbatim 2003/08/22 v1.5q LaTeX2e package for verbatim enhancements
\every@verbatim=\toks29
\verbatim@line=\toks30
\verbatim@in@stream=\read2
)
Package hyperref Info: Option `colorlinks' set `false' on input line 13.
)
("C:\Program Files (x86)\MiKTeX 2.9\tex\latex\tools\multicol.sty"
Package: multicol 2014/04/23 v1.8e multicolumn formatting (FMi)
\c@tracingmulticols=\count116
\mult@box=\box31
\multicol@leftmargin=\dimen131
\c@unbalance=\count117
\c@collectmore=\count118
\doublecol@number=\count119
\multicoltolerance=\count120
\multicolpretolerance=\count121
\full@width=\dimen132
\page@free=\dimen133
\premulticols=\dimen134
\postmulticols=\dimen135
\multicolsep=\skip56
\multicolbaselineskip=\skip57
\partial@page=\box32
\last@line=\box33
\maxbalancingoverflow=\dimen136
\mult@rightbox=\box34
\mult@grightbox=\box35
\mult@gfirstbox=\box36
\mult@firstbox=\box37
\@tempa=\box38
\@tempa=\box39
\@tempa=\box40
\@tempa=\box41
\@tempa=\box42
\@tempa=\box43
\@tempa=\box44
\@tempa=\box45
\@tempa=\box46
\@tempa=\box47
\@tempa=\box48
\@tempa=\box49
\@tempa=\box50
\@tempa=\box51
\@tempa=\box52
\@tempa=\box53
\@tempa=\box54
\c@columnbadness=\count122
\c@finalcolumnbadness=\count123
\last@try=\dimen137
\multicolovershoot=\dimen138
\multicolundershoot=\dimen139
\mult@nat@firstbox=\box55
\colbreak@box=\box56
\mc@col@check@num=\count124
)
(D:\Dropbox\HSR\Elt2\Formelsammlung\ET2.aux)
LaTeX Font Info:    Checking defaults for OML/cmm/m/it on input line 18.
LaTeX Font Info:    ... okay on input line 18.
LaTeX Font Info:    Checking defaults for T1/cmr/m/n on input line 18.
LaTeX Font Info:    ... okay on input line 18.
LaTeX Font Info:    Checking defaults for OT1/cmr/m/n on input line 18.
LaTeX Font Info:    ... okay on input line 18.
LaTeX Font Info:    Checking defaults for OMS/cmsy/m/n on input line 18.
LaTeX Font Info:    ... okay on input line 18.
LaTeX Font Info:    Checking defaults for OMX/cmex/m/n on input line 18.
LaTeX Font Info:    ... okay on input line 18.
LaTeX Font Info:    Checking defaults for U/cmr/m/n on input line 18.
LaTeX Font Info:    ... okay on input line 18.
LaTeX Font Info:    Checking defaults for PD1/pdf/m/n on input line 18.
LaTeX Font Info:    ... okay on input line 18.

*geometry* driver: auto-detecting
*geometry* detected driver: pdftex
*geometry* verbose mode - [ preamble ] result:
* driver: pdftex
* paper: a4paper
* layout: <same size as paper>
* layoutoffset:(h,v)=(0.0pt,0.0pt)
* modes: includehead includefoot twoside 
* h-part:(L,W,R)=(28.45274pt, 540.60239pt, 28.45274pt)
* v-part:(T,H,B)=(28.45274pt, 788.14136pt, 28.45274pt)
* \paperwidth=597.50787pt
* \paperheight=845.04684pt
* \textwidth=540.60239pt
* \textheight=721.14136pt
* \oddsidemargin=-43.81725pt
* \evensidemargin=-43.81725pt
* \topmargin=-43.81725pt
* \headheight=12.0pt
* \headsep=25.0pt
* \topskip=10.0pt
* \footskip=30.0pt
* \marginparwidth=111.0pt
* \marginparsep=11.0pt
* \columnsep=10.0pt
* \skip\footins=9.0pt plus 4.0pt minus 2.0pt
* \hoffset=0.0pt
* \voffset=0.0pt
* \mag=1000
* \@twocolumnfalse
* \@twosidetrue
* \@mparswitchtrue
* \@reversemarginfalse
* (1in=72.27pt=25.4mm, 1cm=28.453pt)

("C:\Program Files (x86)\MiKTeX 2.9\tex\context\base\supp-pdf.mkii"
[Loading MPS to PDF converter (version 2006.09.02).]
\scratchcounter=\count125
\scratchdimen=\dimen140
\scratchbox=\box57
\nofMPsegments=\count126
\nofMParguments=\count127
\everyMPshowfont=\toks31
\MPscratchCnt=\count128
\MPscratchDim=\dimen141
\MPnumerator=\count129
\makeMPintoPDFobject=\count130
\everyMPtoPDFconversion=\toks32
)
Package lastpage Info: Please have a look at the pageslts package at
(lastpage)             http://www.ctan.org/tex-archive/ 
(lastpage)             macros/latex/contrib/pageslts/ 
(lastpage)             or
(lastpage)             http://www.ctan.org/tex-archive/ 
(lastpage)             install/macros/latex/contrib/pageslts.tds.zip
(lastpage)             ! on input line 18.
\AtBeginShipoutBox=\box58
Package hyperref Info: Link coloring OFF on input line 18.
 ("C:\Program Files (x86)\MiKTeX 2.9\tex\latex\hyperref\nameref.sty"
Package: nameref 2012/10/27 v2.43 Cross-referencing by name of section

("C:\Program Files (x86)\MiKTeX 2.9\tex\generic\oberdiek\gettitlestring.sty"
Package: gettitlestring 2010/12/03 v1.4 Cleanup title references (HO)
)
\c@section@level=\count131
LaTeX Info: Redefining \Ref on input line 513.
)
LaTeX Info: Redefining \ref on input line 18.
LaTeX Info: Redefining \pageref on input line 18.
LaTeX Info: Redefining \nameref on input line 18.

(D:\Dropbox\HSR\Elt2\Formelsammlung\ET2.out)
(D:\Dropbox\HSR\Elt2\Formelsammlung\ET2.out)
\@outlinefile=\write4
LaTeX Info: Redefining \Ref on input line 18.

(D:\Dropbox\HSR\Elt2\Formelsammlung\sections/elektrostatik.tex
Package babel Info: Redefining ngerman shorthand "|
(babel)             in language  on input line 8.
Package babel Info: Redefining ngerman shorthand "~
(babel)             in language  on input line 8.
LaTeX Font Info:    Try loading font information for U+msa on input line 12.

("C:\Program Files (x86)\MiKTeX 2.9\tex\latex\amsfonts\umsa.fd"
File: umsa.fd 2013/01/14 v3.01 AMS symbols A
)
LaTeX Font Info:    Try loading font information for U+msb on input line 12.

("C:\Program Files (x86)\MiKTeX 2.9\tex\latex\amsfonts\umsb.fd"
File: umsb.fd 2013/01/14 v3.01 AMS symbols B
)
Overfull \hbox (7.23769pt too wide) in paragraph at lines 15--21
[] []| 
 []


Overfull \hbox (7.23769pt too wide) in paragraph at lines 36--42
[] []| 
 []


Overfull \hbox (7.23769pt too wide) in paragraph at lines 46--52
[] []| 
 []


Overfull \hbox (7.23769pt too wide) in paragraph at lines 56--62
[] []| 
 []


Overfull \hbox (7.23769pt too wide) in paragraph at lines 66--72
[] []| 
 []


Overfull \hbox (7.23769pt too wide) in paragraph at lines 76--83
[] []| 
 []


Overfull \hbox (7.23769pt too wide) in paragraph at lines 88--94
[] []| 
 []


Overfull \hbox (7.23769pt too wide) in paragraph at lines 98--104
[] []| 
 []

Package babel Info: Redefining ngerman shorthand "|
(babel)             in language  on input line 141.
Package babel Info: Redefining ngerman shorthand "~
(babel)             in language  on input line 141.
<./bilder/e-feldlinien.png, id=107, 220.4235pt x 130.086pt>
File: ./bilder/e-feldlinien.png Graphic file (type png)

<use ./bilder/e-feldlinien.png>
Package pdftex.def Info: ./bilder/e-feldlinien.png used on input line 160.
(pdftex.def)             Requested size: 170.71652pt x 100.75008pt.
Package babel Info: Redefining ngerman shorthand "|
(babel)             in language  on input line 168.
Package babel Info: Redefining ngerman shorthand "~
(babel)             in language  on input line 168.
LaTeX Font Info:    Try loading font information for OMS+cmr on input line 168.


("C:\Program Files (x86)\MiKTeX 2.9\tex\latex\base\omscmr.fd"
File: omscmr.fd 1999/05/25 v2.5h Standard LaTeX font definitions
)
LaTeX Font Info:    Font shape `OMS/cmr/m/n' in size <10> not available
(Font)              Font shape `OMS/cmsy/m/n' tried instead on input line 168.

<./bilder/leiter-im-efeld.png, id=108, 361.35pt x 104.0688pt>
File: ./bilder/leiter-im-efeld.png Graphic file (type png)

<use ./bilder/leiter-im-efeld.png>
Package pdftex.def Info: ./bilder/leiter-im-efeld.png used on input line 168.
(pdftex.def)             Requested size: 199.16928pt x 57.36028pt.
Package babel Info: Redefining ngerman shorthand "|
(babel)             in language  on input line 171.
Package babel Info: Redefining ngerman shorthand "~
(babel)             in language  on input line 171.

Underfull \hbox (badness 10000) in paragraph at lines 172--175

 []

Package babel Info: Redefining ngerman shorthand "|
(babel)             in language  on input line 177.
Package babel Info: Redefining ngerman shorthand "~
(babel)             in language  on input line 177.
Package babel Info: Redefining ngerman shorthand "|
(babel)             in language  on input line 177.
Package babel Info: Redefining ngerman shorthand "~
(babel)             in language  on input line 177.
[1{C:/ProgramData/MiKTeX/2.9/pdftex/config/pdftex.map}



 <D:/Dropbox/HSR/Elt2/Formelsammlung/bilder/e-feldlinien.png> <D:/Dropbox/HSR/E
lt2/Formelsammlung/bilder/leiter-im-efeld.png>]
Overfull \hbox (19.54721pt too wide) in paragraph at lines 177--190
[][]
 []


Underfull \hbox (badness 10000) in paragraph at lines 177--190

 []

<./bilder/e-c-koaxialkabel.png, id=130, 157.58875pt x 132.495pt>
File: ./bilder/e-c-koaxialkabel.png Graphic file (type png)

<use ./bilder/e-c-koaxialkabel.png>
Package pdftex.def Info: ./bilder/e-c-koaxialkabel.png used on input line 192.
(pdftex.def)             Requested size: 113.81102pt x 95.68945pt.

<./bilder/e-c-paralleldraht.png, id=132, 176.66pt x 77.28876pt>
File: ./bilder/e-c-paralleldraht.png Graphic file (type png)

<use ./bilder/e-c-paralleldraht.png>
Package pdftex.def Info: ./bilder/e-c-paralleldraht.png used on input line 194.

(pdftex.def)             Requested size: 113.81102pt x 49.79248pt.

<./bilder/e-c-speziellefelder.png, id=133, 465.70789pt x 260.172pt>
File: ./bilder/e-c-speziellefelder.png Graphic file (type png)

<use ./bilder/e-c-speziellefelder.png>
Package pdftex.def Info: ./bilder/e-c-speziellefelder.png used on input line 19
7.
(pdftex.def)             Requested size: 227.62204pt x 127.16382pt.

Overfull \hbox (4.4444pt too wide) in paragraph at lines 192--198
[][] [] [] 
 []

Package babel Info: Redefining ngerman shorthand "|
(babel)             in language  on input line 200.
Package babel Info: Redefining ngerman shorthand "~
(babel)             in language  on input line 200.
Package babel Info: Redefining ngerman shorthand "|
(babel)             in language  on input line 214.
Package babel Info: Redefining ngerman shorthand "~
(babel)             in language  on input line 214.
Package babel Info: Redefining ngerman shorthand "|
(babel)             in language  on input line 236.
Package babel Info: Redefining ngerman shorthand "~
(babel)             in language  on input line 236.
<./bilder/schichtung_quer.png, id=134, 257.46187pt x 338.76563pt>
File: ./bilder/schichtung_quer.png Graphic file (type png)

<use ./bilder/schichtung_quer.png>
Package pdftex.def Info: ./bilder/schichtung_quer.png used on input line 236.
(pdftex.def)             Requested size: 85.35826pt x 112.3099pt.
Package babel Info: Redefining ngerman shorthand "|
(babel)             in language  on input line 248.
Package babel Info: Redefining ngerman shorthand "~
(babel)             in language  on input line 248.

<./bilder/schichtung_laengs.png, id=135, 309.40594pt x 388.45125pt>
File: ./bilder/schichtung_laengs.png Graphic file (type png)

<use ./bilder/schichtung_laengs.png>
Package pdftex.def Info: ./bilder/schichtung_laengs.png used on input line 248.

(pdftex.def)             Requested size: 85.35826pt x 107.16524pt.

Overfull \hbox (44.90132pt too wide) in paragraph at lines 236--249
[][] [] 
 []

Package babel Info: Redefining ngerman shorthand "|
(babel)             in language  on input line 255.
Package babel Info: Redefining ngerman shorthand "~
(babel)             in language  on input line 255.
<./bilder/e-grenzflaechen-dielektrika.png, id=136, 227.85126pt x 133.49875pt>
File: ./bilder/e-grenzflaechen-dielektrika.png Graphic file (type png)

<use ./bilder/e-grenzflaechen-dielektrika.png>
Package pdftex.def Info: ./bilder/e-grenzflaechen-dielektrika.png used on input
 line 255.
(pdftex.def)             Requested size: 113.81102pt x 66.684pt.
Package babel Info: Redefining ngerman shorthand "|
(babel)             in language  on input line 267.
Package babel Info: Redefining ngerman shorthand "~
(babel)             in language  on input line 267.

Overfull \hbox (17.07182pt too wide) in paragraph at lines 267--267
[] 
 []

Package babel Info: Redefining ngerman shorthand "|
(babel)             in language  on input line 269.
Package babel Info: Redefining ngerman shorthand "~
(babel)             in language  on input line 269.

Package hyperref Warning: Token not allowed in a PDF string (PDFDocEncoding):
(hyperref)                removing `math shift' on input line 269.


Package hyperref Warning: Token not allowed in a PDF string (PDFDocEncoding):
(hyperref)                removing `\varepsilon' on input line 269.


Package hyperref Warning: Token not allowed in a PDF string (PDFDocEncoding):
(hyperref)                removing `subscript' on input line 269.


Package hyperref Warning: Token not allowed in a PDF string (PDFDocEncoding):
(hyperref)                removing `math shift' on input line 269.


Package hyperref Warning: Token not allowed in a PDF string (PDFDocEncoding):
(hyperref)                removing `math shift' on input line 269.


Package hyperref Warning: Token not allowed in a PDF string (PDFDocEncoding):
(hyperref)                removing `superscript' on input line 269.


Package hyperref Warning: Token not allowed in a PDF string (PDFDocEncoding):
(hyperref)                removing `\circ' on input line 269.


Package hyperref Warning: Token not allowed in a PDF string (PDFDocEncoding):
(hyperref)                removing `math shift' on input line 269.

Package babel Info: Redefining ngerman shorthand "|
(babel)             in language  on input line 290.
Package babel Info: Redefining ngerman shorthand "~
(babel)             in language  on input line 290.
Package babel Info: Redefining ngerman shorthand "|
(babel)             in language  on input line 290.
Package babel Info: Redefining ngerman shorthand "~
(babel)             in language  on input line 290.
[2 <D:/Dropbox/HSR/Elt2/Formelsammlung/bilder/e-c-koaxialkabel.png> <D:/Dropbox
/HSR/Elt2/Formelsammlung/bilder/e-c-paralleldraht.png> <D:/Dropbox/HSR/Elt2/For
melsammlung/bilder/e-c-speziellefelder.png> <D:/Dropbox/HSR/Elt2/Formelsammlung
/bilder/schichtung_quer.png> <D:/Dropbox/HSR/Elt2/Formelsammlung/bilder/schicht
ung_laengs.png> <D:/Dropbox/HSR/Elt2/Formelsammlung/bilder/e-grenzflaechen-diel
ektrika.png>]
Package babel Info: Redefining ngerman shorthand "|
(babel)             in language  on input line 290.
Package babel Info: Redefining ngerman shorthand "~
(babel)             in language  on input line 290.

Underfull \hbox (badness 10000) in paragraph at lines 291--292

 []

<./bilder/e-c-kraft.png, id=149, 162.17387pt x 118.81187pt>
File: ./bilder/e-c-kraft.png Graphic file (type png)

<use ./bilder/e-c-kraft.png>
Package pdftex.def Info: ./bilder/e-c-kraft.png used on input line 293.
(pdftex.def)             Requested size: 113.81102pt x 83.37985pt.

Underfull \hbox (badness 10000) in paragraph at lines 308--308

 []


Underfull \hbox (badness 10000) in paragraph at lines 308--308

 []


Overfull \hbox (4.50668pt too wide) detected at line 308
\OML/cmm/m/it/10 F \OT1/cmr/m/n/10 = [] \OMS/cmsy/m/n/10  \OML/cmm/m/it/10 U[]
 \OMS/cmsy/m/n/10  []\OML/cmm/m/it/10 ; [] [] F \OT1/cmr/m/n/10 = [] \OMS/cmsy
/m/n/10  \OML/cmm/m/it/10 Q[] \OMS/cmsy/m/n/10  [] [] \OML/cmm/m/it/10 ; []
 []

Package babel Info: Redefining ngerman shorthand "|
(babel)             in language  on input line 311.
Package babel Info: Redefining ngerman shorthand "~
(babel)             in language  on input line 311.

Underfull \hbox (badness 10000) in paragraph at lines 312--314

 []

<./bilder/e-c-teilkapazitaeten.png, id=150, 172.43622pt x 123.87077pt>
File: ./bilder/e-c-teilkapazitaeten.png Graphic file (type png)

<use ./bilder/e-c-teilkapazitaeten.png>
Package pdftex.def Info: ./bilder/e-c-teilkapazitaeten.png used on input line 3
15.
(pdftex.def)             Requested size: 113.81102pt x 81.75873pt.
)
(D:\Dropbox\HSR\Elt2\Formelsammlung\sections/magnetismus.tex
Package babel Info: Redefining ngerman shorthand "|
(babel)             in language  on input line 6.
Package babel Info: Redefining ngerman shorthand "~
(babel)             in language  on input line 6.
Package babel Info: Redefining ngerman shorthand "|
(babel)             in language  on input line 8.
Package babel Info: Redefining ngerman shorthand "~
(babel)             in language  on input line 8.

Underfull \hbox (badness 10000) in paragraph at lines 9--12

 []

<./bilder/m-kraft-mfeld.png, id=151, 149.96025pt x 96.1191pt>
File: ./bilder/m-kraft-mfeld.png Graphic file (type png)

<use ./bilder/m-kraft-mfeld.png>
Package pdftex.def Info: ./bilder/m-kraft-mfeld.png used on input line 18.
(pdftex.def)             Requested size: 113.81102pt x 72.9515pt.

Underfull \hbox (badness 10000) in paragraph at lines 32--32

 []


Underfull \hbox (badness 10000) in paragraph at lines 13--33

 []

Package babel Info: Redefining ngerman shorthand "|
(babel)             in language  on input line 34.
Package babel Info: Redefining ngerman shorthand "~
(babel)             in language  on input line 34.
Package babel Info: Redefining ngerman shorthand "|
(babel)             in language  on input line 34.
Package babel Info: Redefining ngerman shorthand "~
(babel)             in language  on input line 34.
[3 <D:/Dropbox/HSR/Elt2/Formelsammlung/bilder/e-c-kraft.png> <D:/Dropbox/HSR/El
t2/Formelsammlung/bilder/e-c-teilkapazitaeten.png> <D:/Dropbox/HSR/Elt2/Formels
ammlung/bilder/m-kraft-mfeld.png>]
Package babel Info: Redefining ngerman shorthand "|
(babel)             in language  on input line 35.
Package babel Info: Redefining ngerman shorthand "~
(babel)             in language  on input line 35.

Overfull \hbox (6.61905pt too wide) in paragraph at lines 43--48
[] []| 
 []


Overfull \hbox (6.61905pt too wide) in paragraph at lines 67--72
[] []| 
 []


Overfull \hbox (6.61905pt too wide) in paragraph at lines 74--79
[] []| 
 []


Overfull \hbox (6.61905pt too wide) in paragraph at lines 88--93
[] []| 
 []


Overfull \hbox (6.61905pt too wide) in paragraph at lines 97--102
[] []| 
 []


Overfull \hbox (6.61905pt too wide) in paragraph at lines 104--109
[] []| 
 []


Overfull \hbox (6.61905pt too wide) in paragraph at lines 119--124
[] []| 
 []


Overfull \hbox (6.61905pt too wide) in paragraph at lines 138--143
[] []| 
 []


Overfull \hbox (6.61905pt too wide) in paragraph at lines 146--151
[] []| 
 []


Overfull \hbox (6.61905pt too wide) in paragraph at lines 158--163
[] []| 
 []


Overfull \hbox (6.61905pt too wide) in paragraph at lines 166--171
[] []| 
 []


Overfull \hbox (6.61905pt too wide) in paragraph at lines 174--179
[] []| 
 []


Overfull \hbox (6.61905pt too wide) in paragraph at lines 182--187
[] []| 
 []


Overfull \hbox (6.61905pt too wide) in paragraph at lines 188--193
[] []| 
 []


Overfull \hbox (6.61905pt too wide) in paragraph at lines 196--201
[] []| 
 []


Overfull \hbox (6.61905pt too wide) in paragraph at lines 205--210
[] []| 
 []

Package babel Info: Redefining ngerman shorthand "|
(babel)             in language  on input line 235.
Package babel Info: Redefining ngerman shorthand "~
(babel)             in language  on input line 235.
Package babel Info: Redefining ngerman shorthand "|
(babel)             in language  on input line 235.
Package babel Info: Redefining ngerman shorthand "~
(babel)             in language  on input line 235.
[4]
Package babel Info: Redefining ngerman shorthand "|
(babel)             in language  on input line 237.
Package babel Info: Redefining ngerman shorthand "~
(babel)             in language  on input line 237.
 <./bilder/biot1.png, id=167, 120.6909pt x 105.2733pt>
File: ./bilder/biot1.png Graphic file (type png)

<use ./bilder/biot1.png>
Package pdftex.def Info: ./bilder/biot1.png used on input line 261.
(pdftex.def)             Requested size: 76.82234pt x 67.01004pt.
 <./bilder/biot2.png, id=168, 170.5572pt x 182.8431pt>
File: ./bilder/biot2.png Graphic file (type png)

<use ./bilder/biot2.png>
Package pdftex.def Info: ./bilder/biot2.png used on input line 265.
(pdftex.def)             Requested size: 76.82234pt x 82.35674pt.
 <./bilder/biot3.png, id=169, 206.6922pt x 207.6558pt>
File: ./bilder/biot3.png Graphic file (type png)

<use ./bilder/biot3.png>
Package pdftex.def Info: ./bilder/biot3.png used on input line 268.
(pdftex.def)             Requested size: 85.35826pt x 85.7573pt.
 <./bilder/biot4.png, id=170, 120.6909pt x 130.3269pt>
File: ./bilder/biot4.png Graphic file (type png)

<use ./bilder/biot4.png>
Package pdftex.def Info: ./bilder/biot4.png used on input line 271.
(pdftex.def)             Requested size: 76.82234pt x 82.9575pt.

Overfull \hbox (19.54727pt too wide) in paragraph at lines 258--273
[][] 
 []

Package babel Info: Redefining ngerman shorthand "|
(babel)             in language  on input line 274.
Package babel Info: Redefining ngerman shorthand "~
(babel)             in language  on input line 274.
Package babel Info: Redefining ngerman shorthand "|
(babel)             in language  on input line 278.
Package babel Info: Redefining ngerman shorthand "~
(babel)             in language  on input line 278.
<./bilder/gegeninduktivitaet.png, id=171, 180.675pt x 101.9007pt>
File: ./bilder/gegeninduktivitaet.png Graphic file (type png)

<use ./bilder/gegeninduktivitaet.png>
Package pdftex.def Info: ./bilder/gegeninduktivitaet.png used on input line 282
.
(pdftex.def)             Requested size: 113.81102pt x 64.18999pt.

Overfull \hbox (24.0pt too wide) in paragraph at lines 279--294
[] 
 []

Package babel Info: Redefining ngerman shorthand "|
(babel)             in language  on input line 296.
Package babel Info: Redefining ngerman shorthand "~
(babel)             in language  on input line 296.
<./bilder/magn_spez_leiteranordnungen.png, id=172, 611.4042pt x 520.8258pt>
File: ./bilder/magn_spez_leiteranordnungen.png Graphic file (type png)

<use ./bilder/magn_spez_leiteranordnungen.png>
Package pdftex.def Info: ./bilder/magn_spez_leiteranordnungen.png used on input
 line 298.
(pdftex.def)             Requested size: 355.65944pt x 302.9772pt.

Underfull \hbox (badness 10000) in paragraph at lines 301--306

 []


Overfull \hbox (2.22218pt too wide) in paragraph at lines 297--314
$[]$ $[]$ 
 []

Package babel Info: Redefining ngerman shorthand "|
(babel)             in language  on input line 315.
Package babel Info: Redefining ngerman shorthand "~
(babel)             in language  on input line 315.

Underfull \hbox (badness 7291) in paragraph at lines 354--354
[]\OT1/cmr/m/n/10 Richtung der Ele-ment-art-teil-chen
 []


Overfull \hbox (7.54723pt too wide) in paragraph at lines 317--379
[]
 []


Underfull \hbox (badness 10000) in paragraph at lines 317--379

 []

Package babel Info: Redefining ngerman shorthand "|
(babel)             in language  on input line 379.
Package babel Info: Redefining ngerman shorthand "~
(babel)             in language  on input line 379.
Package babel Info: Redefining ngerman shorthand "|
(babel)             in language  on input line 379.
Package babel Info: Redefining ngerman shorthand "~
(babel)             in language  on input line 379.
[5 <D:/Dropbox/HSR/Elt2/Formelsammlung/bilder/biot1.png> <D:/Dropbox/HSR/Elt2/F
ormelsammlung/bilder/biot2.png> <D:/Dropbox/HSR/Elt2/Formelsammlung/bilder/biot
3.png> <D:/Dropbox/HSR/Elt2/Formelsammlung/bilder/biot4.png> <D:/Dropbox/HSR/El
t2/Formelsammlung/bilder/gegeninduktivitaet.png> <D:/Dropbox/HSR/Elt2/Formelsam
mlung/bilder/magn_spez_leiteranordnungen.png>]
Package babel Info: Redefining ngerman shorthand "|
(babel)             in language  on input line 379.
Package babel Info: Redefining ngerman shorthand "~
(babel)             in language  on input line 379.

<./bilder/magnetisierung.png, id=185, 499.3857pt x 127.677pt>
File: ./bilder/magnetisierung.png Graphic file (type png)

<use ./bilder/magnetisierung.png>
Package pdftex.def Info: ./bilder/magnetisierung.png used on input line 380.
(pdftex.def)             Requested size: 455.24408pt x 116.39275pt.
Package babel Info: Redefining ngerman shorthand "|
(babel)             in language  on input line 382.
Package babel Info: Redefining ngerman shorthand "~
(babel)             in language  on input line 382.
Package babel Info: Redefining ngerman shorthand "|
(babel)             in language  on input line 387.
Package babel Info: Redefining ngerman shorthand "~
(babel)             in language  on input line 387.

<./bilder/magnetischerkreis1.png, id=186, 1003.75pt x 301.125pt>
File: ./bilder/magnetischerkreis1.png Graphic file (type png)

<use ./bilder/magnetischerkreis1.png>
Package pdftex.def Info: ./bilder/magnetischerkreis1.png used on input line 389
.
(pdftex.def)             Requested size: 312.9803pt x 93.89456pt.
Package babel Info: Redefining ngerman shorthand "|
(babel)             in language  on input line 404.
Package babel Info: Redefining ngerman shorthand "~
(babel)             in language  on input line 404.


Package hyperref Warning: Token not allowed in a PDF string (PDFDocEncoding):
(hyperref)                removing `math shift' on input line 404.


Package hyperref Warning: Token not allowed in a PDF string (PDFDocEncoding):
(hyperref)                removing `\Theta' on input line 404.


Package hyperref Warning: Token not allowed in a PDF string (PDFDocEncoding):
(hyperref)                removing `math shift' on input line 404.

<./bilder/magnetischerkreis2.png, id=187, 1003.75pt x 301.125pt>
File: ./bilder/magnetischerkreis2.png Graphic file (type png)

<use ./bilder/magnetischerkreis2.png>
Package pdftex.def Info: ./bilder/magnetischerkreis2.png used on input line 406
.
(pdftex.def)             Requested size: 312.9803pt x 93.89456pt.
Package babel Info: Redefining ngerman shorthand "|
(babel)             in language  on input line 428.
Package babel Info: Redefining ngerman shorthand "~
(babel)             in language  on input line 428.

<./bilder/DauerMag_Schaltung.png, id=188, 1021.8175pt x 541.02126pt>
File: ./bilder/DauerMag_Schaltung.png Graphic file (type png)

<use ./bilder/DauerMag_Schaltung.png>
Package pdftex.def Info: ./bilder/DauerMag_Schaltung.png used on input line 430
.
(pdftex.def)             Requested size: 227.62204pt x 120.51099pt.

<./bilder/DauerMag_Ersatzschaltung.png, id=189, 1025.8325pt x 596.2275pt>
File: ./bilder/DauerMag_Ersatzschaltung.png Graphic file (type png)

<use ./bilder/DauerMag_Ersatzschaltung.png>
Package pdftex.def Info: ./bilder/DauerMag_Ersatzschaltung.png used on input li
ne 431.
(pdftex.def)             Requested size: 227.62204pt x 132.28946pt.

Underfull \hbox (badness 10000) in paragraph at lines 435--436

 []


Underfull \hbox (badness 10000) in paragraph at lines 437--438

 []


Underfull \hbox (badness 10000) in paragraph at lines 439--440

 []


Underfull \hbox (badness 10000) in paragraph at lines 441--442

 []


Underfull \hbox (badness 10000) in paragraph at lines 443--444

 []


Underfull \hbox (badness 10000) in paragraph at lines 445--446

 []


Underfull \hbox (badness 10000) in paragraph at lines 447--448

 []


Underfull \hbox (badness 10000) in paragraph at lines 454--455

 []


Underfull \hbox (badness 10000) in paragraph at lines 456--457

 []


Underfull \hbox (badness 10000) in paragraph at lines 458--459

 []


Underfull \hbox (badness 10000) in paragraph at lines 460--461

 []


Underfull \hbox (badness 10000) in paragraph at lines 462--463

 []


Underfull \hbox (badness 10000) in paragraph at lines 464--465

 []


Underfull \hbox (badness 10000) in paragraph at lines 466--467

 []


Underfull \hbox (badness 10000) in paragraph at lines 468--469

 []


Underfull \hbox (badness 10000) in paragraph at lines 470--471

 []


Underfull \hbox (badness 10000) in paragraph at lines 472--473

 []

Package babel Info: Redefining ngerman shorthand "|
(babel)             in language  on input line 478.
Package babel Info: Redefining ngerman shorthand "~
(babel)             in language  on input line 478.
Package babel Info: Redefining ngerman shorthand "|
(babel)             in language  on input line 478.
Package babel Info: Redefining ngerman shorthand "~
(babel)             in language  on input line 478.
[6 <D:/Dropbox/HSR/Elt2/Formelsammlung/bilder/magnetisierung.png> <D:/Dropbox/H
SR/Elt2/Formelsammlung/bilder/magnetischerkreis1.png> <D:/Dropbox/HSR/Elt2/Form
elsammlung/bilder/magnetischerkreis2.png (PNG copy)>]
<./bilder/BestArbeitspunktDauermagnet.png, id=197, 1051.93pt x 833.1125pt>
File: ./bilder/BestArbeitspunktDauermagnet.png Graphic file (type png)

<use ./bilder/BestArbeitspunktDauermagnet.png>
Package pdftex.def Info: ./bilder/BestArbeitspunktDauermagnet.png used on input
 line 479.
(pdftex.def)             Requested size: 227.62204pt x 180.2725pt.

<./bilder/BestArbeitspunktWerkstoff.png, id=198, 1034.86626pt x 571.13374pt>
File: ./bilder/BestArbeitspunktWerkstoff.png Graphic file (type png)

<use ./bilder/BestArbeitspunktWerkstoff.png>
Package pdftex.def Info: ./bilder/BestArbeitspunktWerkstoff.png used on input l
ine 483.
(pdftex.def)             Requested size: 227.62204pt x 125.61494pt.
Package babel Info: Redefining ngerman shorthand "|
(babel)             in language  on input line 487.
Package babel Info: Redefining ngerman shorthand "~
(babel)             in language  on input line 487.
Package babel Info: Redefining ngerman shorthand "|
(babel)             in language  on input line 487.
Package babel Info: Redefining ngerman shorthand "~
(babel)             in language  on input line 487.
 [7 <D:/Dropbox/HSR/Elt2/Formelsammlung/bilder/DauerMag_Schaltung.png> <D:/Drop
box/HSR/Elt2/Formelsammlung/bilder/DauerMag_Ersatzschaltung.png> <D:/Dropbox/HS
R/Elt2/Formelsammlung/bilder/BestArbeitspunktDauermagnet.png> <D:/Dropbox/HSR/E
lt2/Formelsammlung/bilder/BestArbeitspunktWerkstoff.png>])
<./bilder/vergleich_elfeld_strfeld.png, id=205, 462.0462pt x 574.7874pt>
File: ./bilder/vergleich_elfeld_strfeld.png Graphic file (type png)

<use ./bilder/vergleich_elfeld_strfeld.png>
Package pdftex.def Info: ./bilder/vergleich_elfeld_strfeld.png used on input li
ne 25.
(pdftex.def)             Requested size: 312.9803pt x 389.35927pt.

<./bilder/vergleich_elkreis_magkreis.png, id=206, 490.4724pt x 280.8894pt>
File: ./bilder/vergleich_elkreis_magkreis.png Graphic file (type png)

<use ./bilder/vergleich_elkreis_magkreis.png>
Package pdftex.def Info: ./bilder/vergleich_elkreis_magkreis.png used on input 
line 26.
(pdftex.def)             Requested size: 312.9803pt x 179.24142pt.
 
AED: lastpage setting LastPage
Package babel Info: Redefining ngerman shorthand "|
(babel)             in language  on input line 31.
Package babel Info: Redefining ngerman shorthand "~
(babel)             in language  on input line 31.
Package babel Info: Redefining ngerman shorthand "|
(babel)             in language  on input line 31.
Package babel Info: Redefining ngerman shorthand "~
(babel)             in language  on input line 31.
[8 <D:/Dropbox/HSR/Elt2/Formelsammlung/bilder/vergleich_elfeld_strfeld.png> <D:
/Dropbox/HSR/Elt2/Formelsammlung/bilder/vergleich_elkreis_magkreis.png>]
Package babel Info: Redefining ngerman shorthand "|
(babel)             in language  on input line 31.
Package babel Info: Redefining ngerman shorthand "~
(babel)             in language  on input line 31.
Package atveryend Info: Empty hook `BeforeClearDocument' on input line 31.
Package atveryend Info: Empty hook `AfterLastShipout' on input line 31.

(D:\Dropbox\HSR\Elt2\Formelsammlung\ET2.aux)
Package atveryend Info: Executing hook `AtVeryEndDocument' on input line 31.
Package atveryend Info: Executing hook `AtEndAfterFileList' on input line 31.
Package rerunfilecheck Info: File `ET2.out' has not changed.
(rerunfilecheck)             Checksum: A78813A9B611233C48BE77D677BFB338;2340.
Package atveryend Info: Empty hook `AtVeryVeryEnd' on input line 31.
 ) 
Here is how much of TeX's memory you used:
 7918 strings out of 493921
 114331 string characters out of 3144876
 231876 words of memory out of 3000000
 11010 multiletter control sequences out of 15000+200000
 7811 words of font info for 30 fonts, out of 3000000 for 9000
 841 hyphenation exceptions out of 8191
 33i,20n,45p,334b,476s stack positions out of 5000i,500n,10000p,200000b,50000s
<C:/Program Files (x86)/MiKTeX 2.9/fonts/type1/public/amsfonts/cm/cmbx10.pfb>
<C:/Program Files (x86)/MiKTeX 2.9/fonts/type1/public/amsfonts/cm/cmbx12.pfb><C
:/Program Files (x86)/MiKTeX 2.9/fonts/type1/public/amsfonts/cm/cmbx5.pfb><C:/P
rogram Files (x86)/MiKTeX 2.9/fonts/type1/public/amsfonts/cm/cmex10.pfb><C:/Pro
gram Files (x86)/MiKTeX 2.9/fonts/type1/public/amsfonts/cm/cmmi10.pfb><C:/Progr
am Files (x86)/MiKTeX 2.9/fonts/type1/public/amsfonts/cm/cmmi5.pfb><C:/Program 
Files (x86)/MiKTeX 2.9/fonts/type1/public/amsfonts/cm/cmmi7.pfb><C:/Program Fil
es (x86)/MiKTeX 2.9/fonts/type1/public/amsfonts/cm/cmr10.pfb><C:/Program Files 
(x86)/MiKTeX 2.9/fonts/type1/public/amsfonts/cm/cmr5.pfb><C:/Program Files (x86
)/MiKTeX 2.9/fonts/type1/public/amsfonts/cm/cmr7.pfb><C:/Program Files (x86)/Mi
KTeX 2.9/fonts/type1/public/amsfonts/cm/cmr8.pfb><C:/Program Files (x86)/MiKTeX
 2.9/fonts/type1/public/amsfonts/cm/cmsy10.pfb><C:/Program Files (x86)/MiKTeX 2
.9/fonts/type1/public/amsfonts/cm/cmsy7.pfb><C:/Program Files (x86)/MiKTeX 2.9/
fonts/type1/public/amsfonts/cm/cmti10.pfb><C:/Program Files (x86)/MiKTeX 2.9/fo
nts/type1/public/amsfonts/symbols/msbm10.pfb>
Output written on ET2.pdf (8 pages, 2963566 bytes).
PDF statistics:
 272 PDF objects out of 1000 (max. 8388607)
 39 named destinations out of 1000 (max. 500000)
 339 words of extra memory for PDF output out of 10000 (max. 10000000)

